QTPayDemo/QTPayDemo/manifest-merger-release-report.txt
-- Merging decision tree log ---
manifest
ADDED from AndroidManifest.xml:2:1
	package
		ADDED from AndroidManifest.xml:3:5
		INJECTED from AndroidManifest.xml:0:0
		INJECTED from AndroidManifest.xml:0:0
	android:versionName
		ADDED from AndroidManifest.xml:5:5
		INJECTED from AndroidManifest.xml:0:0
		INJECTED from AndroidManifest.xml:0:0
	android:versionCode
		ADDED from AndroidManifest.xml:4:5
		INJECTED from AndroidManifest.xml:0:0
		INJECTED from AndroidManifest.xml:0:0
	xmlns:android
		ADDED from AndroidManifest.xml:2:11
uses-permission#android.permission.WRITE_EXTERNAL_STORAGE
ADDED from AndroidManifest.xml:8:5
MERGED from qtsdk:possdk:unspecified:19:5
	android:name
		ADDED from AndroidManifest.xml:8:22
uses-permission#android.permission.INTERNET
ADDED from AndroidManifest.xml:9:5
MERGED from qtsdk:qTPaySDK:unspecified:11:5
MERGED from qtsdk:possdk:unspecified:11:5
	android:name
		ADDED from AndroidManifest.xml:9:22
uses-permission#android.permission.ACCESS_NETWORK_STATE
ADDED from AndroidManifest.xml:10:5
MERGED from qtsdk:qTPaySDK:unspecified:12:5
MERGED from qtsdk:possdk:unspecified:12:5
	android:name
		ADDED from AndroidManifest.xml:10:22
uses-permission#android.permission.ACCESS_WIFI_STATE
ADDED from AndroidManifest.xml:11:5
MERGED from qtsdk:possdk:unspecified:15:5
	android:name
		ADDED from AndroidManifest.xml:11:22
uses-permission#android.permission.READ_PHONE_STATE
ADDED from AndroidManifest.xml:13:5
MERGED from qtsdk:possdk:unspecified:20:5
	android:name
		ADDED from AndroidManifest.xml:13:22
uses-permission#android.permission.READ_EXTERNAL_STORAGE
ADDED from AndroidManifest.xml:14:5
MERGED from qtsdk:possdk:unspecified:18:5
	android:maxSdkVersion
		ADDED from AndroidManifest.xml:16:9
	android:name
		ADDED from AndroidManifest.xml:15:9
application
ADDED from AndroidManifest.xml:18:5
MERGED from qtsdk:library:unspecified:11:5
MERGED from qtsdk:possdk:unspecified:30:5
MERGED from com.android.support:appcompat-v7:22.2.0:22:5
MERGED from com.android.support:support-v4:22.2.0:22:5
MERGED from com.android.support:appcompat-v7:22.2.0:22:5
MERGED from com.android.support:support-v4:22.2.0:22:5
MERGED from com.android.support:cardview-v7:21.0.0:16:5
MERGED from com.android.support:support-v4:22.2.0:22:5
MERGED from com.github.navasmdc:MaterialDesign:1.5:11:5
	android:label
		ADDED from AndroidManifest.xml:23:9
	android:hardwareAccelerated
		ADDED from AndroidManifest.xml:21:9
	android:allowBackup
		ADDED from AndroidManifest.xml:20:9
	android:icon
		ADDED from AndroidManifest.xml:22:9
	android:theme
		ADDED from AndroidManifest.xml:24:9
	android:name
		ADDED from AndroidManifest.xml:19:9
activity#com.example.qianfangdemo.activity.LoginActivity
ADDED from AndroidManifest.xml:25:9
	android:label
		ADDED from AndroidManifest.xml:27:13
	android:theme
		ADDED from AndroidManifest.xml:28:13
	android:name
		ADDED from AndroidManifest.xml:26:13
intent-filter#android.intent.action.MAIN+android.intent.category.LAUNCHER
ADDED from AndroidManifest.xml:29:13
action#android.intent.action.MAIN
ADDED from AndroidManifest.xml:30:17
	android:name
		ADDED from AndroidManifest.xml:30:25
category#android.intent.category.LAUNCHER
ADDED from AndroidManifest.xml:32:17
	android:name
		ADDED from AndroidManifest.xml:32:27
activity#com.example.qianfangdemo.activity.HomeActivity
ADDED from AndroidManifest.xml:35:9
	android:theme
		ADDED from AndroidManifest.xml:37:13
	android:name
		ADDED from AndroidManifest.xml:36:13
activity#com.example.qianfangdemo.activity.PaymentResultActivity
ADDED from AndroidManifest.xml:39:9
	android:theme
		ADDED from AndroidManifest.xml:41:13
	android:name
		ADDED from AndroidManifest.xml:40:13
activity#com.example.qianfangdemo.activity.MainActivity
ADDED from AndroidManifest.xml:43:9
	android:theme
		ADDED from AndroidManifest.xml:45:13
	android:name
		ADDED from AndroidManifest.xml:44:13
activity#com.example.qianfangdemo.activity.MyAccountActivity
ADDED from AndroidManifest.xml:47:9
	android:theme
		ADDED from AndroidManifest.xml:49:13
	android:name
		ADDED from AndroidManifest.xml:48:13
activity#com.example.qianfangdemo.activity.CouponsActivity
ADDED from AndroidManifest.xml:51:9
	android:theme
		ADDED from AndroidManifest.xml:53:13
	android:name
		ADDED from AndroidManifest.xml:52:13
activity#com.example.qianfangdemo.activity.PrePayActivity
ADDED from AndroidManifest.xml:55:9
	android:theme
		ADDED from AndroidManifest.xml:57:13
	android:name
		ADDED from AndroidManifest.xml:56:13
activity#com.example.qianfangdemo.activity.InputRechargeAmtActivity
ADDED from AndroidManifest.xml:59:9
	android:theme
		ADDED from AndroidManifest.xml:61:13
	android:name
		ADDED from AndroidManifest.xml:60:13
activity#com.example.qianfangdemo.activity.SetConfigActivity
ADDED from AndroidManifest.xml:63:9
	android:theme
		ADDED from AndroidManifest.xml:65:13
	android:name
		ADDED from AndroidManifest.xml:64:13
activity#com.example.qianfangdemo.activity.ConfigActivity
ADDED from AndroidManifest.xml:67:9
	android:theme
		ADDED from AndroidManifest.xml:69:13
	android:name
		ADDED from AndroidManifest.xml:68:13
activity#com.example.qianfangdemo.activity.BindActivity
ADDED from AndroidManifest.xml:72:9
	android:label
		ADDED from AndroidManifest.xml:74:13
	android:theme
		ADDED from AndroidManifest.xml:75:13
	android:name
		ADDED from AndroidManifest.xml:73:13
activity#com.example.qianfangdemo.activity.CardDetailActivity
ADDED from AndroidManifest.xml:77:9
	android:label
		ADDED from AndroidManifest.xml:79:13
	android:theme
		ADDED from AndroidManifest.xml:80:13
	android:name
		ADDED from AndroidManifest.xml:78:13
activity#com.example.qianfangdemo.activity.ProvinceListAct
ADDED from AndroidManifest.xml:82:9
	android:label
		ADDED from AndroidManifest.xml:84:13
	android:theme
		ADDED from AndroidManifest.xml:85:13
	android:name
		ADDED from AndroidManifest.xml:83:13
activity#com.example.qianfangdemo.activity.CityListAct
ADDED from AndroidManifest.xml:87:9
	android:label
		ADDED from AndroidManifest.xml:89:13
	android:theme
		ADDED from AndroidManifest.xml:90:13
	android:name
		ADDED from AndroidManifest.xml:88:13
activity#com.example.qianfangdemo.activity.BankListAct
ADDED from AndroidManifest.xml:92:9
	android:label
		ADDED from AndroidManifest.xml:94:13
	android:theme
		ADDED from AndroidManifest.xml:95:13
	android:name
		ADDED from AndroidManifest.xml:93:13
activity#com.example.qianfangdemo.activity.SubBankListAct
ADDED from AndroidManifest.xml:97:9
	android:label
		ADDED from AndroidManifest.xml:99:13
	android:theme
		ADDED from AndroidManifest.xml:100:13
	android:name
		ADDED from AndroidManifest.xml:98:13
activity#com.qfpay.sdk.activity.CashierActivity
ADDED from AndroidManifest.xml:105:9
	android:theme
		ADDED from AndroidManifest.xml:107:13
	android:name
		ADDED from AndroidManifest.xml:106:13
activity#com.qfpay.sdk.activity.UserAccountActivity
ADDED from AndroidManifest.xml:109:9
	android:theme
		ADDED from AndroidManifest.xml:111:13
	android:name
		ADDED from AndroidManifest.xml:110:13
activity#com.example.qianfangdemo.activity.GoodsListActivity
ADDED from AndroidManifest.xml:114:9
	android:label
		ADDED from AndroidManifest.xml:116:13
	android:name
		ADDED from AndroidManifest.xml:115:13
activity#com.alipay.sdk.app.H5PayActivity
ADDED from AndroidManifest.xml:121:9
	android:screenOrientation
		ADDED from AndroidManifest.xml:125:13
	android:exported
		ADDED from AndroidManifest.xml:124:13
	android:windowSoftInputMode
		ADDED from AndroidManifest.xml:126:13
	android:configChanges
		ADDED from AndroidManifest.xml:123:13
	android:name
		ADDED from AndroidManifest.xml:122:13
activity#com.example.qianfangdemo.activity.SelectActivity
ADDED from AndroidManifest.xml:129:9
	android:label
		ADDED from AndroidManifest.xml:131:13
	android:parentActivityName
		ADDED from AndroidManifest.xml:132:13
	android:name
		ADDED from AndroidManifest.xml:130:13
meta-data#android.support.PARENT_ACTIVITY
ADDED from AndroidManifest.xml:133:13
	android:value
		ADDED from AndroidManifest.xml:135:17
	android:name
		ADDED from AndroidManifest.xml:134:17
uses-sdk
INJECTED from AndroidManifest.xml:0:0 reason: use-sdk injection requested
MERGED from qtsdk:qTPaySDK:unspecified:7:5
MERGED from qtsdk:library:unspecified:7:5
MERGED from qtsdk:possdk:unspecified:7:5
MERGED from com.android.support:appcompat-v7:22.2.0:20:5
MERGED from com.android.support:support-v4:22.2.0:20:5
MERGED from com.android.support:appcompat-v7:22.2.0:20:5
MERGED from com.android.support:support-v4:22.2.0:20:5
MERGED from com.android.support:cardview-v7:21.0.0:15:5
MERGED from com.android.support:support-v4:22.2.0:20:5
MERGED from com.github.navasmdc:MaterialDesign:1.5:7:5
	android:targetSdkVersion
		INJECTED from AndroidManifest.xml:0:0
		INJECTED from AndroidManifest.xml:0:0
	android:minSdkVersion
		INJECTED from AndroidManifest.xml:0:0
		INJECTED from AndroidManifest.xml:0:0
uses-permission#android.permission.ACCESS_COARSE_LOCATION
ADDED from qtsdk:possdk:unspecified:13:5
	android:name
		ADDED from qtsdk:possdk:unspecified:13:22
uses-permission#android.permission.ACCESS_FINE_LOCATION
ADDED from qtsdk:possdk:unspecified:14:5
	android:name
		ADDED from qtsdk:possdk:unspecified:14:22
uses-permission#android.permission.CHANGE_WIFI_STATE
ADDED from qtsdk:possdk:unspecified:16:5
	android:name
		ADDED from qtsdk:possdk:unspecified:16:22
uses-permission#android.permission.ACCESS_LOCATION_EXTRA_COMMANDS
ADDED from qtsdk:possdk:unspecified:17:5
	android:name
		ADDED from qtsdk:possdk:unspecified:17:22
uses-permission#android.permission.WAKE_LOCK
ADDED from qtsdk:possdk:unspecified:21:5
	android:name
		ADDED from qtsdk:possdk:unspecified:21:22
uses-permission#android.permission.RECORD_AUDIO
ADDED from qtsdk:possdk:unspecified:22:5
	android:name
		ADDED from qtsdk:possdk:unspecified:22:22
uses-permission#android.permission.BLUETOOTH_ADMIN
ADDED from qtsdk:possdk:unspecified:23:5
	android:name
		ADDED from qtsdk:possdk:unspecified:23:22
uses-permission#android.permission.BLUETOOTH
ADDED from qtsdk:possdk:unspecified:24:5
	android:name
		ADDED from qtsdk:possdk:unspecified:24:22
uses-permission#android.permission.VIBRATE
ADDED from qtsdk:possdk:unspecified:25:5
	android:name
		ADDED from qtsdk:possdk:unspecified:25:22
uses-permission#android.permission.BROADCAST_STICKY
ADDED from qtsdk:possdk:unspecified:26:5
	android:name
		ADDED from qtsdk:possdk:unspecified:26:22
uses-permission#android.permission.SYSTEM_ALERT_WINDOW
ADDED from qtsdk:possdk:unspecified:27:5
	android:name
		ADDED from qtsdk:possdk:unspecified:27:22
uses-permission#android.permission.DISABLE_KEYGUARD
ADDED from qtsdk:possdk:unspecified:28:5
	android:name
		ADDED from qtsdk:possdk:unspecified:28:22
activity#com.qfpay.qpossdk.activity.QfTradeCloudActivity
ADDED from qtsdk:possdk:unspecified:31:9
	android:allowTaskReparenting
		ADDED from qtsdk:possdk:unspecified:33:13
	android:configChanges
		ADDED from qtsdk:possdk:unspecified:34:13
	android:theme
		ADDED from qtsdk:possdk:unspecified:35:13
	android:name
		ADDED from qtsdk:possdk:unspecified:32:13
intent-filter#android.intent.action.VIEW+android.intent.category.BROWSABLE+android.intent.category.DEFAULT
ADDED from qtsdk:possdk:unspecified:36:13
action#android.intent.action.VIEW
ADDED from qtsdk:possdk:unspecified:37:17
	android:name
		ADDED from qtsdk:possdk:unspecified:37:25
category#android.intent.category.DEFAULT
ADDED from qtsdk:possdk:unspecified:39:17
	android:name
		ADDED from qtsdk:possdk:unspecified:39:27
category#android.intent.category.BROWSABLE
ADDED from qtsdk:possdk:unspecified:40:17
	android:name
		ADDED from qtsdk:possdk:unspecified:40:27
data
ADDED from qtsdk:possdk:unspecified:42:17
	android:scheme
		ADDED from qtsdk:possdk:unspecified:42:23
activity#com.qfpay.qpossdk.activity.ReaderActivity
ADDED from qtsdk:possdk:unspecified:45:9
	android:exported
		ADDED from qtsdk:possdk:unspecified:48:13
	android:configChanges
		ADDED from qtsdk:possdk:unspecified:47:13
	android:theme
		ADDED from qtsdk:possdk:unspecified:49:13
	android:name
		ADDED from qtsdk:possdk:unspecified:46:13
activity#com.qfpay.qpossdk.activity.ChooseDeviceActivity
ADDED from qtsdk:possdk:unspecified:50:9
	android:configChanges
		ADDED from qtsdk:possdk:unspecified:52:13
	android:theme
		ADDED from qtsdk:possdk:unspecified:53:13
	android:name
		ADDED from qtsdk:possdk:unspecified:51:13
activity#com.qfpay.qpossdk.activity.ConfirmSignActivity
ADDED from qtsdk:possdk:unspecified:54:9
	android:screenOrientation
		ADDED from qtsdk:possdk:unspecified:58:13
	android:exported
		ADDED from qtsdk:possdk:unspecified:57:13
	android:configChanges
		ADDED from qtsdk:possdk:unspecified:56:13
	android:theme
		ADDED from qtsdk:possdk:unspecified:59:13
	android:name
		ADDED from qtsdk:possdk:unspecified:55:13
activity#com.qfpay.qpossdk.activity.TradeProcessActivity
ADDED from qtsdk:possdk:unspecified:60:9
	android:screenOrientation
		ADDED from qtsdk:possdk:unspecified:64:13
	android:exported
		ADDED from qtsdk:possdk:unspecified:63:13
	android:configChanges
		ADDED from qtsdk:possdk:unspecified:62:13
	android:theme
		ADDED from qtsdk:possdk:unspecified:65:13
	android:name
		ADDED from qtsdk:possdk:unspecified:61:13
activity#com.qfpay.qpossdk.activity.MacErrorUpdateActivity
ADDED from qtsdk:possdk:unspecified:66:9
	android:configChanges
		ADDED from qtsdk:possdk:unspecified:68:13
	android:theme
		ADDED from qtsdk:possdk:unspecified:69:13
	android:name
		ADDED from qtsdk:possdk:unspecified:67:13
activity#com.qfpay.qpossdk.activity.SuccessResultActivity
ADDED from qtsdk:possdk:unspecified:70:9
	android:screenOrientation
		ADDED from qtsdk:possdk:unspecified:74:13
	android:exported
		ADDED from qtsdk:possdk:unspecified:73:13
	android:configChanges
		ADDED from qtsdk:possdk:unspecified:72:13
	android:theme
		ADDED from qtsdk:possdk:unspecified:75:13
	android:name
		ADDED from qtsdk:possdk:unspecified:71:13
activity#com.qfpay.qpossdk.activity.FailedResultActivity
ADDED from qtsdk:possdk:unspecified:76:9
	android:screenOrientation
		ADDED from qtsdk:possdk:unspecified:80:13
	android:exported
		ADDED from qtsdk:possdk:unspecified:79:13
	android:configChanges
		ADDED from qtsdk:possdk:unspecified:78:13
	android:theme
		ADDED from qtsdk:possdk:unspecified:81:13
	android:name
		ADDED from qtsdk:possdk:unspecified:77:13
activity#com.qfpay.qpossdk.activity.UnkonwResultActivity
ADDED from qtsdk:possdk:unspecified:82:9
	android:screenOrientation
		ADDED from qtsdk:possdk:unspecified:86:13
	android:exported
		ADDED from qtsdk:possdk:unspecified:85:13
	android:configChanges
		ADDED from qtsdk:possdk:unspecified:84:13
	android:theme
		ADDED from qtsdk:possdk:unspecified:87:13
	android:name
		ADDED from qtsdk:possdk:unspecified:83:13
activity#com.qfpay.qpossdk.activity.PaintActivity
ADDED from qtsdk:possdk:unspecified:88:9
	android:screenOrientation
		ADDED from qtsdk:possdk:unspecified:92:13
	android:exported
		ADDED from qtsdk:possdk:unspecified:91:13
	android:configChanges
		ADDED from qtsdk:possdk:unspecified:90:13
	android:theme
		ADDED from qtsdk:possdk:unspecified:93:13
	android:name
		ADDED from qtsdk:possdk:unspecified:89:13
activity#com.qfpay.qpossdk.activity.CertificatePreviewActivity
ADDED from qtsdk:possdk:unspecified:94:9
	android:screenOrientation
		ADDED from qtsdk:possdk:unspecified:97:13
	android:configChanges
		ADDED from qtsdk:possdk:unspecified:96:13
	android:theme
		ADDED from qtsdk:possdk:unspecified:98:13
	android:name
		ADDED from qtsdk:possdk:unspecified:95:13
activity#com.qfpay.qpossdk.activity.CertificateUploadActivity
ADDED from qtsdk:possdk:unspecified:99:9
	android:screenOrientation
		ADDED from qtsdk:possdk:unspecified:102:13
	android:configChanges
		ADDED from qtsdk:possdk:unspecified:101:13
	android:theme
		ADDED from qtsdk:possdk:unspecified:103:13
	android:name
		ADDED from qtsdk:possdk:unspecified:100:13
activity#com.qfpay.qpossdk.activity.ReceiptActivity
ADDED from qtsdk:possdk:unspecified:104:9
	android:screenOrientation
		ADDED from qtsdk:possdk:unspecified:107:13
	android:windowSoftInputMode
		ADDED from qtsdk:possdk:unspecified:109:13
	android:configChanges
		ADDED from qtsdk:possdk:unspecified:106:13
	android:theme
		ADDED from qtsdk:possdk:unspecified:108:13
	android:name
		ADDED from qtsdk:possdk:unspecified:105:13